google_ml_kit/example/build/app/outputs/mapping/release/seeds.txt
com.google.android.gms.internal.mlkit_vision_internal_vkp.zzazr: com.google.android.gms.internal.mlkit_vision_internal_vkp.zzazd zzi
com.google.android.gms.internal.mlkit_vision_internal_vkp.zzbec: double zzf
com.google.android.gms.internal.mlkit_vision_text_bundled_common.zbru: com.google.android.gms.internal.mlkit_vision_text_bundled_common.zbaae zbh
com.google.android.gms.internal.mlkit_vision_text_bundled_common.zbaew: com.google.android.gms.internal.mlkit_vision_text_bundled_common.zbadm zbh
com.google.android.gms.internal.mlkit_vision_digital_ink.zzbas: boolean zzs
com.google.android.gms.internal.mlkit_entity_extraction.zzasa: int zzi
com.google.android.gms.internal.mlkit_vision_digital_ink.zzbhj: com.google.android.gms.internal.mlkit_vision_digital_ink.zzboq zzf
com.google.android.gms.internal.mlkit_vision_internal_vkp.zzri: com.google.android.gms.internal.mlkit_vision_internal_vkp.zzqg zzau
com.google.android.gms.internal.mlkit_entity_extraction.zzbb: int zzo
com.google.android.gms.internal.mlkit_vision_internal_vkp.zzrs: int zzj
com.google.android.gms.internal.mlkit_vision_text_bundled_common.zbaju: com.google.android.gms.internal.mlkit_vision_text_bundled_common.zbaju zbb
com.google.android.gms.internal.mlkit_vision_text_bundled_common.zbakt: int zbe
com.google.android.gms.internal.mlkit_vision_text_bundled_common.zbrq: byte zbh
com.google.android.gms.internal.mlkit_vision_internal_vkp.zzof: com.google.android.gms.internal.mlkit_vision_internal_vkp.zzof zzb
com.google.android.gms.internal.mlkit_vision_digital_ink.zzawt: boolean zzi
com.google.android.gms.internal.mlkit_vision_text_bundled_common.zbvj: int zbi
com.google.android.gms.internal.mlkit_vision_internal_vkp.zzamt: boolean zzp
com.google.android.gms.internal.mlkit_entity_extraction.zzawv: com.google.android.gms.internal.mlkit_entity_extraction.zzawt zzh
com.google.android.gms.internal.mlkit_vision_internal_vkp.zzvb: int zze
com.google.android.gms.internal.mlkit_vision_text_bundled_common.zbane: com.google.android.gms.internal.mlkit_vision_text_bundled_common.zbane zbb
com.google.android.gms.internal.mlkit_vision_internal_vkp.zzali: com.google.android.gms.internal.mlkit_vision_internal_vkp.zzaop zze
com.google.android.gms.internal.mlkit_vision_digital_ink.zzav: com.google.android.gms.internal.mlkit_vision_digital_ink.zzbkz zzk
com.google.android.gms.internal.mlkit_vision_internal_vkp.zzala: int zzi
com.google.android.gms.internal.mlkit_vision_text_bundled_common.zbamt: com.google.android.gms.internal.mlkit_vision_text_bundled_common.zbaae zbk
com.google.android.gms.internal.mlkit_vision_digital_ink.zzaus: com.google.android.gms.internal.mlkit_vision_digital_ink.zzawk zzj
com.google.android.gms.internal.mlkit_entity_extraction.zzavf: long zzm
com.google.android.gms.internal.mlkit_vision_internal_vkp.zzoq: com.google.android.gms.internal.mlkit_vision_internal_vkp.zzoq zzb
com.google.android.gms.internal.mlkit_vision_digital_ink.zzco: int zzs
com.google.android.gms.internal.mlkit_vision_text_bundled_common.zbalm: java.lang.String zbh
com.google.android.gms.internal.mlkit_vision_internal_vkp.zztn: long zzi
com.google.android.gms.internal.mlkit_entity_extraction.zzasd: com.google.android.gms.internal.mlkit_entity_extraction.zzauk zzj
com.google.android.gms.internal.mlkit_entity_extraction.zzawl: int zzg
com.google.android.gms.internal.mlkit_vision_digital_ink.zzbrz: int zzh
com.google.android.gms.internal.mlkit_vision_barcode_bundled.zzab: boolean zzg
com.google.android.gms.internal.mlkit_vision_text_bundled_common.zbpm: float zbh
com.google.android.gms.internal.mlkit_vision_text_bundled_common.zbge: java.lang.Object zbg
com.google.android.gms.internal.mlkit_entity_extraction.zzawd: int zzg
com.google.android.gms.internal.mlkit_entity_extraction.zzatl: com.google.android.gms.internal.mlkit_entity_extraction.zzbho zzf
com.google.android.gms.internal.mlkit_vision_text_bundled_common.zbwd: float zbl