google_ml_kit/example/build/app/outputs/mapping/release/usage.txt
com.google.common.collect.ImmutableEnumMap$EnumSerializedForm
com.google.common.collect.ImmutableEnumMap
com.google.common.collect.ImmutableEnumSet$1
com.google.common.collect.ImmutableEnumSet$EnumSerializedForm
com.google.common.collect.ImmutableEnumSet
com.google.common.collect.ImmutableList$Builder
com.google.common.collect.ImmutableList$Itr
com.google.common.collect.ImmutableList$ReverseImmutableList
com.google.common.collect.ImmutableList$SerializedForm
com.google.common.collect.ImmutableList$SubList
com.google.common.collect.ImmutableList
com.google.common.collect.ImmutableListMultimap$Builder
com.google.common.collect.ImmutableListMultimap
com.google.common.collect.ImmutableMap$1
com.google.common.collect.ImmutableMap$Builder
com.google.common.collect.ImmutableMap$IteratorBasedImmutableMap$1EntrySetImpl
com.google.common.collect.ImmutableMap$IteratorBasedImmutableMap
com.google.common.collect.ImmutableMap$MapViewOfValuesAsSingletonSets$1$1
com.google.common.collect.ImmutableMap$MapViewOfValuesAsSingletonSets$1
com.google.common.collect.ImmutableMap$MapViewOfValuesAsSingletonSets
com.google.common.collect.ImmutableMap$SerializedForm
com.google.common.collect.ImmutableMap
com.google.common.collect.ImmutableMapEntrySet$EntrySetSerializedForm
com.google.common.collect.ImmutableMapEntrySet$RegularEntrySet
com.google.common.collect.ImmutableMapEntrySet
com.google.common.collect.ImmutableMapKeySet$KeySetSerializedForm
com.google.common.collect.ImmutableMapKeySet
com.google.common.collect.ImmutableMapValues$1
com.google.common.collect.ImmutableMapValues$2
com.google.common.collect.ImmutableMapValues$SerializedForm
com.google.common.collect.ImmutableMapValues
com.google.common.collect.ImmutableMultimap$1
com.google.common.collect.ImmutableMultimap$2
com.google.common.collect.ImmutableMultimap$Builder
com.google.common.collect.ImmutableMultimap$EntryCollection
com.google.common.collect.ImmutableMultimap$FieldSettersHolder
com.google.common.collect.ImmutableMultimap$Keys
com.google.common.collect.ImmutableMultimap$KeysSerializedForm
com.google.common.collect.ImmutableMultimap$Values
com.google.common.collect.ImmutableMultimap
com.google.common.collect.ImmutableMultiset$1
com.google.common.collect.ImmutableMultiset$Builder
com.google.common.collect.ImmutableMultiset$EntrySet
com.google.common.collect.ImmutableMultiset$EntrySetSerializedForm
com.google.common.collect.ImmutableMultiset
com.google.common.collect.ImmutableMultisetGwtSerializationDependencies
com.google.common.collect.ImmutableRangeMap$1
com.google.common.collect.ImmutableRangeMap$2
com.google.common.collect.ImmutableRangeMap$Builder
com.google.common.collect.ImmutableRangeMap$SerializedForm
com.google.common.collect.ImmutableRangeMap
com.google.common.collect.ImmutableRangeSet$1
com.google.common.collect.ImmutableRangeSet$AsSet$1
com.google.common.collect.ImmutableRangeSet$AsSet$2
com.google.common.collect.ImmutableRangeSet$AsSet
com.google.common.collect.ImmutableRangeSet$AsSetSerializedForm
com.google.common.collect.ImmutableRangeSet$Builder
com.google.common.collect.ImmutableRangeSet$ComplementRanges
com.google.common.collect.ImmutableRangeSet$SerializedForm
com.google.common.collect.ImmutableRangeSet
com.google.common.collect.ImmutableSet$Builder
com.google.common.collect.ImmutableSet$SerializedForm
com.google.common.collect.ImmutableSet
com.google.common.collect.ImmutableSetMultimap$Builder
com.google.common.collect.ImmutableSetMultimap$EntrySet
com.google.common.collect.ImmutableSetMultimap$SetFieldSettersHolder
com.google.common.collect.ImmutableSetMultimap
com.google.common.collect.ImmutableSortedMap$1
com.google.common.collect.ImmutableSortedMap$1EntrySet$1
com.google.common.collect.ImmutableSortedMap$1EntrySet
com.google.common.collect.ImmutableSortedMap$Builder
com.google.common.collect.ImmutableSortedMap$SerializedForm
com.google.common.collect.ImmutableSortedMap
com.google.common.collect.ImmutableSortedMapFauxverideShim